<?xml version="1.0" encoding="UTF-8"?>
<!-- Generated by org.testng.reporters.JUnitXMLReporter -->
<testsuite ignored="3" hostname="Lenovo-PC" failures="0" tests="11" name="HomeLoan" time="0.075" errors="0" timestamp="2022-06-04T14:22:45 IST">
  <testcase classname="test2.Day3" name="MobileCreditCard" time="0.003"/>
  <testcase classname="test2.Day3" name="MobileDebitCard" time="0.003"/>
  <testcase classname="test1.Day3" name="FourLoan" time="0.002"/>
  <testcase classname="test1.Day3" name="OneLoan" time="0.002"/>
  <testcase classname="test1.Day3" name="TwoLoan" time="0.002"/>
  <testcase classname="test2.Day1" name="LogOutFunc" time="0.003"/>
  <testcase classname="test2.Day1" name="LoginFunc" time="0.003"/>
  <testcase classname="test2.Day1" name="SignInFunc" time="0.003"/>
  <testcase classname="test2.Day1" name="SignOut" time="0.002"/>
  <testcase classname="test2.Day2" name="FailedHomeLoan" time="0.002"/>
  <testcase classname="test2.Day2" name="PassedHomeLoan" time="0.001"/>
  <testcase classname="test1.Day3" name="ThreeLoan" time="0.0">
    <ignored/>
  </testcase> <!-- ThreeLoan -->
  <testcase classname="test2.Day3" name="PhonePassBook" time="0.0">
    <ignored/>
  </testcase> <!-- PhonePassBook -->
  <testcase classname="test2.Day3" name="PhoneChecQueBook" time="0.0">
    <ignored/>
  </testcase> <!-- PhoneChecQueBook -->
</testsuite> <!-- HomeLoan -->
