<?xml version="1.0" encoding="UTF-8"?>
<!-- Generated by org.testng.reporters.JUnitXMLReporter -->
<testsuite ignored="0" hostname="Lenovo-PC" failures="0" tests="12" name="PersonalLoan" time="0.101" errors="0" timestamp="2022-06-04T18:39:55 IST">
  <testcase classname="test1.Day2" name="HomeLoan" time="0.008"/>
  <testcase classname="test1.Day2" name="LandLoan" time="0.003"/>
  <testcase classname="test1.Day1" name="CarLoan" time="0.002"/>
  <testcase classname="test1.Day1" name="MobileLoan" time="0.001"/>
  <testcase classname="test1.Day4" name="ChecqueBook" time="0.003"/>
  <testcase classname="test1.Day4" name="CreditCard" time="0.002"/>
  <testcase classname="test1.Day4" name="DebitCard" time="0.002"/>
  <testcase classname="test1.Day4" name="PassBook" time="0.001"/>
  <testcase classname="test2.Day3" name="MobileCreditCard" time="0.001"/>
  <testcase classname="test2.Day3" name="MobileDebitCard" time="0.001"/>
  <testcase classname="test2.Day3" name="PhoneChecQueBook" time="0.005"/>
  <testcase classname="test2.Day3" name="PhonePassBook" time="0.002"/>
</testsuite> <!-- PersonalLoan -->
