<?xml version="1.0" encoding="UTF-8"?>
<!-- Generated by org.testng.reporters.JUnitXMLReporter -->
<testsuite ignored="3" hostname="Lenovo-PC" failures="0" tests="5" name="Test" time="0.131" errors="0" timestamp="2022-06-04T14:06:37 IST">
  <testcase classname="test1.Day2" name="HomeLoan" time="0.017"/>
  <testcase classname="test1.Day2" name="LandLoan" time="0.002"/>
  <testcase classname="test1.Day1" name="CarLoan" time="0.006"/>
  <testcase classname="test1.Day1" name="MobileLoan" time="0.003"/>
  <testcase classname="test1.Day4" name="ChecqueBook" time="0.004"/>
  <testcase classname="test1.Day4" name="PassBook" time="0.0">
    <ignored/>
  </testcase> <!-- PassBook -->
  <testcase classname="test1.Day4" name="DebitCard" time="0.0">
    <ignored/>
  </testcase> <!-- DebitCard -->
  <testcase classname="test1.Day4" name="CreditCard" time="0.0">
    <ignored/>
  </testcase> <!-- CreditCard -->
</testsuite> <!-- Test -->
